[+] Containers:
 |- [+] Container: /Game/ThirdPerson/Maps/ThirdPersonMap
 |   |- [+] ActorDescs:
 |   |   |- Guid:0AF8B5EC4A96E449FAB8FDA3A54CF456 BaseClass: NativeClass:/Script/Engine.SkeletalMeshActor Name:SkeletalMeshActor_UAID_E4A8DFF938B0B5A601_1431455311 Label:CR_Als SpatiallyLoaded:1 Bounds:IsValid=true, Min=(X=2190.326 Y=781.990 Z=-0.681), Max=(X=2289.631 Y=812.676 Z=140.058) RuntimeGrid:None EditorOnly:0 RuntimeOnly:0 HLODRelevant:0
 |   |   |- Guid:0F9E5CFD44883C129E1884870E2301C2 BaseClass: NativeClass:/Script/Engine.Actor Name:Actor_UAID_E4A8DFF938B0D2A401_2082863305 Label:Actor SpatiallyLoaded:1 Bounds:IsValid=true, Min=(X=-6350.000 Y=-3670.000 Z=-50.000), Max=(X=5650.000 Y=6830.000 Z=0.000) RuntimeGrid:None EditorOnly:0 RuntimeOnly:0 HLODRelevant:1
 |   |   |- Guid:155DF9A84574321C311890A57A59ABA5 BaseClass: NativeClass:/Script/Engine.RectLight Name:RectLight_UAID_60E9AA9413F058AA01_1396485174 Label:RectLight2 SpatiallyLoaded:1 Bounds:IsValid=true, Min=(X=-12704.000 Y=-13854.000 Z=-15424.000), Max=(X=20064.000 Y=18914.000 Z=17344.000) RuntimeGrid:None EditorOnly:0 RuntimeOnly:0 HLODRelevant:0
 |   |   |- Guid:171D1EC24F70C00D6F27A0AFC466DEA2 BaseClass: NativeClass:/Script/Engine.RectLight Name:RectLight_UAID_60E9AA9413F058AA01_1435308176 Label:RectLight4 SpatiallyLoaded:1 Bounds:IsValid=true, Min=(X=-19794.000 Y=-13854.000 Z=-15424.000), Max=(X=12974.000 Y=18914.000 Z=17344.000) RuntimeGrid:None EditorOnly:0 RuntimeOnly:0 HLODRelevant:0
 |   |   |- Guid:174DF71143EA367D14F3838C26CC06DF BaseClass: NativeClass:/Script/Engine.SkyLight Name:SkyLight_0 Label:SkyLight SpatiallyLoaded:0 Bounds:IsValid=true, Min=(X=0.000 Y=0.000 Z=690.000), Max=(X=0.000 Y=0.000 Z=690.000) RuntimeGrid:None EditorOnly:0 RuntimeOnly:0 HLODRelevant:0 FolderPath:Lighting FolderGuid:08A10B054C95868C663DE39EE4343813
 |   |   |- Guid:1DE942004163D635D9F351A1C935C9FA BaseClass: NativeClass:/Script/LevelSequence.LevelSequenceActor Name:LevelSequenceActor_UAID_60E9AA9413F0E1AC01_1772778392 Label:CR_Als_Take3 SpatiallyLoaded:0 Bounds:IsValid=true, Min=(X=0.000 Y=0.000 Z=0.000), Max=(X=0.000 Y=0.000 Z=0.000) RuntimeGrid:None EditorOnly:0 RuntimeOnly:0 HLODRelevant:0
 |   |   |- Guid:3B21A90042E470FD65D72F81EC458328 BaseClass:/ALS/ALS/Character/B_Als_Char.B_Als_Character_C NativeClass:/Script/ALSExtras.AlsCharacterExample Name:B_Als_Character_C_UAID_E4A8DFF938B0D0A901_1302636232 Label:B_Als_Character SpatiallyLoaded:1 Bounds:IsValid=true, Min=(X=290.000 Y=-223.508 Z=-17.000), Max=(X=370.000 Y=-16.492 Z=181.242) RuntimeGrid:None EditorOnly:0 RuntimeOnly:0 HLODRelevant:0
 |   |   |- Guid:444CEBA842E178A416330685B651F1B9 BaseClass: NativeClass:/Script/LevelSequence.LevelSequenceActor Name:LevelSequenceActor_UAID_E4A8DFF938B0B5A601_1431482312 Label:CR_Als_Take1 SpatiallyLoaded:0 Bounds:IsValid=true, Min=(X=0.000 Y=0.000 Z=0.000), Max=(X=0.000 Y=0.000 Z=0.000) RuntimeGrid:None EditorOnly:0 RuntimeOnly:0 HLODRelevant:0
 |   |   |- Guid:4F7B735A44E12B4B031927A9FC21C460 BaseClass: NativeClass:/Script/Engine.VolumetricCloud Name:VolumetricCloud_1 Label:VolumetricCloud SpatiallyLoaded:0 Bounds:IsValid=true, Min=(X=0.000 Y=0.000 Z=820.000), Max=(X=0.000 Y=0.000 Z=820.000) RuntimeGrid:None EditorOnly:0 RuntimeOnly:0 HLODRelevant:0 FolderPath:Lighting FolderGuid:08A10B054C95868C663DE39EE4343813
 |   |   |- Guid:580EC14B41BA35C47321DF90A9645C1E BaseClass: NativeClass:/Script/Engine.SkeletalMeshActor Name:SkeletalMeshActor_UAID_E4A8DFF938B0D0A901_1114813231 Label:MainCharacter2 SpatiallyLoaded:1 Bounds:IsValid=true, Min=(X=260.326 Y=-418.010 Z=-0.681), Max=(X=359.631 Y=-387.324 Z=140.058) RuntimeGrid:None EditorOnly:0 RuntimeOnly:0 HLODRelevant:0
 |   |   |- Guid:59E33BCC472C9A44F0051D8A21C9F5F2 BaseClass: NativeClass:/Script/Engine.SkeletalMeshActor Name:SkeletalMeshActor_UAID_60E9AA9413F0BEAA01_1765055119 Label:CR_Als2 SpatiallyLoaded:1 Bounds:IsValid=true, Min=(X=320.326 Y=181.990 Z=-0.681), Max=(X=419.631 Y=212.676 Z=140.058) RuntimeGrid:None EditorOnly:0 RuntimeOnly:0 HLODRelevant:0
 |   |   |- Guid:5C7C5C40408F48C386D06CA03AB130C2 BaseClass: NativeClass:/Script/Engine.StaticMeshActor Name:StaticMeshActor_UAID_A4AE111137DC5EFB00_1594956423 Label:SM_SkySphere SpatiallyLoaded:0 Bounds:IsValid=true, Min=(X=-1638400.000 Y=-1638400.000 Z=-1638400.000), Max=(X=1638400.000 Y=1638400.000 Z=1638400.000) RuntimeGrid:None EditorOnly:0 RuntimeOnly:0 HLODRelevant:1 FolderPath:Lighting FolderGuid:08A10B054C95868C663DE39EE4343813
 |   |   |- Guid:664A87DA48B6EE38C0ACEA9AEDBA4BA0 BaseClass: NativeClass:/Script/Engine.TextRenderActor Name:TextRenderActor_1 Label:TextRenderActor SpatiallyLoaded:1 Bounds:IsValid=true, Min=(X=-0.100 Y=1100.000 Z=65.013), Max=(X=-0.100 Y=2392.308 Z=215.013) RuntimeGrid:None EditorOnly:0 RuntimeOnly:0 HLODRelevant:0
 |   |   |- Guid:6DE025074B573993A2CEAFBDC43C2ABD BaseClass: NativeClass:/Script/Engine.StaticMeshActor Name:StaticMeshActor_UAID_E4A8DFF938B01FAE01_1954591359 Label:StaticMeshActor SpatiallyLoaded:1 Bounds:IsValid=true, Min=(X=4680.000 Y=780.000 Z=960.000), Max=(X=4680.000 Y=780.000 Z=960.000) RuntimeGrid:None EditorOnly:0 RuntimeOnly:0 HLODRelevant:0
 |   |   |- Guid:788903924598EC8109F9709A8AB41C0D BaseClass: NativeClass:/Script/Engine.WorldDataLayers Name:WorldDataLayers Label:WorldDataLayers-1 SpatiallyLoaded:0 Bounds:IsValid=true, Min=(X=0.000 Y=0.000 Z=0.000), Max=(X=0.000 Y=0.000 Z=0.000) RuntimeGrid:None EditorOnly:0 RuntimeOnly:0 HLODRelevant:0
 |   |   |- Guid:7B6A693E4CEF165D9031D2BAD2D6EB60 BaseClass: NativeClass:/Script/Engine.StaticMeshActor Name:StaticMeshActor_UAID_60E9AA9413F056AA01_1622717815 Label:Box SpatiallyLoaded:1 Bounds:IsValid=true, Min=(X=5400.000 Y=-3660.000 Z=0.000), Max=(X=5500.000 Y=6840.000 Z=1000.000) RuntimeGrid:None EditorOnly:0 RuntimeOnly:0 HLODRelevant:0
 |   |   |- Guid:804C0249472C6D24BF272B8751BB0510 BaseClass: NativeClass:/Script/Engine.SkeletalMeshActor Name:SkeletalMeshActor_UAID_60E9AA9413F00EAB01_1626937199 Label:Aiming_with_cards SpatiallyLoaded:1 Bounds:IsValid=true, Min=(X=83.762 Y=146.302 Z=-6.770), Max=(X=162.261 Y=208.973 Z=91.194) RuntimeGrid:None EditorOnly:0 RuntimeOnly:0 HLODRelevant:0
 |   |   |- Guid:83B6C5914862A02FC6C185BE4682D2AD BaseClass: NativeClass:/Script/Engine.Actor Name:Actor_UAID_60E9AA9413F056AA01_1810325819 Label:Actor2 SpatiallyLoaded:1 Bounds:IsValid=true, Min=(X=-6350.000 Y=-3670.000 Z=960.000), Max=(X=5650.000 Y=6830.000 Z=1010.000) RuntimeGrid:None EditorOnly:0 RuntimeOnly:0 HLODRelevant:1
 |   |   |- Guid:85BA92AF429C5642A0AE2989507F0C54 BaseClass: NativeClass:/Script/Engine.RectLight Name:RectLight_UAID_60E9AA9413F058AA01_1194598173 Label:RectLight SpatiallyLoaded:1 Bounds:IsValid=true, Min=(X=-15074.000 Y=-13854.000 Z=-15424.000), Max=(X=17694.000 Y=18914.000 Z=17344.000) RuntimeGrid:None EditorOnly:0 RuntimeOnly:0 HLODRelevant:0
 |   |   |- Guid:8717ECC7427EB1F3C1FE43A5DB47DEAB BaseClass: NativeClass:/Script/Engine.StaticMeshActor Name:StaticMeshActor_UAID_60E9AA9413F056AA01_1693399816 Label:Box2 SpatiallyLoaded:1 Bounds:IsValid=true, Min=(X=-6410.000 Y=6710.000 Z=0.000), Max=(X=5590.000 Y=6810.000 Z=1000.000) RuntimeGrid:None EditorOnly:0 RuntimeOnly:0 HLODRelevant:0
 |   |   |- Guid:9FFE6665469AE829D82050A8B1F67178 BaseClass: NativeClass:/Script/Engine.DirectionalLight Name:DirectionalLight_1 Label:DirectionalLight SpatiallyLoaded:0 Bounds:IsValid=true, Min=(X=-1048576.000 Y=-1048576.000 Z=-1048576.000), Max=(X=1048576.000 Y=1048576.000 Z=1048576.000) RuntimeGrid:None EditorOnly:0 RuntimeOnly:0 HLODRelevant:0 FolderPath:Lighting FolderGuid:08A10B054C95868C663DE39EE4343813
 |   |   |- Guid:A85A7AD046A0462D176E6889992C1216 BaseClass: NativeClass:/Script/Engine.PostProcessVolume Name:PostProcessVolume_0 Label:PostProcessVolume SpatiallyLoaded:0 Bounds:IsValid=true, Min=(X=0.000 Y=0.000 Z=400.000), Max=(X=200.000 Y=200.000 Z=600.000) RuntimeGrid:None EditorOnly:0 RuntimeOnly:0 HLODRelevant:0 FolderPath:Lighting FolderGuid:08A10B054C95868C663DE39EE4343813
 |   |   |- Guid:B23C247D4E34A96052E563A19E79FA75 BaseClass: NativeClass:/Script/Engine.ExponentialHeightFog Name:ExponentialHeightFog_1 Label:ExponentialHeightFog SpatiallyLoaded:0 Bounds:IsValid=true, Min=(X=-5600.000 Y=-50.000 Z=-6850.000), Max=(X=-5600.000 Y=-50.000 Z=-6850.000) RuntimeGrid:None EditorOnly:0 RuntimeOnly:0 HLODRelevant:0 FolderPath:Lighting FolderGuid:08A10B054C95868C663DE39EE4343813
 |   |   |- Guid:B5A6DF534A27D2462E956F8DC249B59F BaseClass: NativeClass:/Script/LevelSequence.LevelSequenceActor Name:LevelSequenceActor_UAID_60E9AA9413F0BEAA01_1765068120 Label:CR_Als_Take2 SpatiallyLoaded:0 Bounds:IsValid=true, Min=(X=0.000 Y=0.000 Z=0.000), Max=(X=0.000 Y=0.000 Z=0.000) RuntimeGrid:None EditorOnly:0 RuntimeOnly:0 HLODRelevant:0
 |   |   |- Guid:B7EEAA6D4A4E24E64DDA8A9BB773FDCB BaseClass: NativeClass:/Script/Engine.StaticMeshActor Name:StaticMeshActor_UAID_60E9AA9413F056AA01_1804026818 Label:Box4 SpatiallyLoaded:1 Bounds:IsValid=true, Min=(X=-6410.000 Y=-3660.000 Z=0.000), Max=(X=-6310.000 Y=6840.000 Z=1000.000) RuntimeGrid:None EditorOnly:0 RuntimeOnly:0 HLODRelevant:0
 |   |   |- Guid:C02893C24348CF9B426796B16B0F319A BaseClass: NativeClass:/Script/Engine.StaticMeshActor Name:StaticMeshActor_UAID_60E9AA9413F056AA01_1786040817 Label:Box3 SpatiallyLoaded:1 Bounds:IsValid=true, Min=(X=-6410.000 Y=-3700.000 Z=0.000), Max=(X=5590.000 Y=-3600.000 Z=1000.000) RuntimeGrid:None EditorOnly:0 RuntimeOnly:0 HLODRelevant:0
 |   |   |- Guid:C726A3284B806D4C379405885740B688 BaseClass: NativeClass:/Script/Engine.PlayerStart Name:PlayerStart_0 Label:PlayerStart SpatiallyLoaded:0 Bounds:IsValid=true, Min=(X=860.000 Y=1070.000 Z=0.013), Max=(X=940.000 Y=1150.000 Z=184.013) RuntimeGrid:None EditorOnly:0 RuntimeOnly:0 HLODRelevant:0
 |   |   |- Guid:D4F49C164D1E4EE30A5E069FCE7C0DAA BaseClass: NativeClass:/Script/Engine.SkeletalMeshActor Name:SkeletalMeshActor_UAID_60E9AA9413F012AB01_1606834904 Label:Aiming_with_cards2 SpatiallyLoaded:1 Bounds:IsValid=true, Min=(X=999.894 Y=612.094 Z=-2.119), Max=(X=1088.405 Y=707.819 Z=125.980) RuntimeGrid:None EditorOnly:0 RuntimeOnly:0 HLODRelevant:0
 |   |   |- Guid:E53E4F264EB069CF1E9CB1AED7A29C72 BaseClass: NativeClass:/Script/Engine.RectLight Name:RectLight_UAID_60E9AA9413F058AA01_1444016177 Label:RectLight5 SpatiallyLoaded:1 Bounds:IsValid=true, Min=(X=-21544.000 Y=-13854.000 Z=-15424.000), Max=(X=11224.000 Y=18914.000 Z=17344.000) RuntimeGrid:None EditorOnly:0 RuntimeOnly:0 HLODRelevant:0
 |   |   |- Guid:E7C88B004DFFF4BE08155AB223A0EF2C BaseClass: NativeClass:/Script/Engine.SkyAtmosphere Name:SkyAtmosphere_1 Label:SkyAtmosphere SpatiallyLoaded:0 Bounds:IsValid=true, Min=(X=0.000 Y=0.000 Z=1020.000), Max=(X=0.000 Y=0.000 Z=1020.000) RuntimeGrid:None EditorOnly:0 RuntimeOnly:0 HLODRelevant:0 FolderPath:Lighting FolderGuid:08A10B054C95868C663DE39EE4343813
 |   |   |- Guid:E83D235C44CF5C984F6A5682A0367AAB BaseClass: NativeClass:/Script/Engine.RectLight Name:RectLight_UAID_60E9AA9413F058AA01_1426821175 Label:RectLight3 SpatiallyLoaded:1 Bounds:IsValid=true, Min=(X=-17294.000 Y=-13854.000 Z=-15424.000), Max=(X=15474.000 Y=18914.000 Z=17344.000) RuntimeGrid:None EditorOnly:0 RuntimeOnly:0 HLODRelevant:0
 |   |   |- Guid:EC48AF544E793C5FD491D9AAC1216806 BaseClass: NativeClass:/Script/Engine.SkeletalMeshActor Name:SkeletalMeshActor_UAID_E4A8DFF938B01CA601_1468385383 Label:MainCharacter SpatiallyLoaded:1 Bounds:IsValid=true, Min=(X=-989.674 Y=-238.010 Z=-0.681), Max=(X=-890.369 Y=-207.324 Z=140.058) RuntimeGrid:None EditorOnly:0 RuntimeOnly:0 HLODRelevant:0
 |   |- [+] Clusters:
 |   |   |- [+] [  0]
 |   |   |   |- Guid:788903924598EC8109F9709A8AB41C0D BaseClass: NativeClass:/Script/Engine.WorldDataLayers Name:WorldDataLayers Label:WorldDataLayers-1 SpatiallyLoaded:0 Bounds:IsValid=true, Min=(X=0.000 Y=0.000 Z=0.000), Max=(X=0.000 Y=0.000 Z=0.000) RuntimeGrid:None EditorOnly:0 RuntimeOnly:0 HLODRelevant:0
 |   |   |- [+] [  1]
 |   |   |   |- Guid:3B21A90042E470FD65D72F81EC458328 BaseClass:/ALS/ALS/Character/B_Als_Char.B_Als_Character_C NativeClass:/Script/ALSExtras.AlsCharacterExample Name:B_Als_Character_C_UAID_E4A8DFF938B0D0A901_1302636232 Label:B_Als_Character SpatiallyLoaded:1 Bounds:IsValid=true, Min=(X=290.000 Y=-223.508 Z=-17.000), Max=(X=370.000 Y=-16.492 Z=181.242) RuntimeGrid:None EditorOnly:0 RuntimeOnly:0 HLODRelevant:0
 |   |   |- [+] [  2]
 |   |   |   |- Guid:7B6A693E4CEF165D9031D2BAD2D6EB60 BaseClass: NativeClass:/Script/Engine.StaticMeshActor Name:StaticMeshActor_UAID_60E9AA9413F056AA01_1622717815 Label:Box SpatiallyLoaded:1 Bounds:IsValid=true, Min=(X=5400.000 Y=-3660.000 Z=0.000), Max=(X=5500.000 Y=6840.000 Z=1000.000) RuntimeGrid:None EditorOnly:0 RuntimeOnly:0 HLODRelevant:0
 |   |   |- [+] [  3]
 |   |   |   |- Guid:A85A7AD046A0462D176E6889992C1216 BaseClass: NativeClass:/Script/Engine.PostProcessVolume Name:PostProcessVolume_0 Label:PostProcessVolume SpatiallyLoaded:0 Bounds:IsValid=true, Min=(X=0.000 Y=0.000 Z=400.000), Max=(X=200.000 Y=200.000 Z=600.000) RuntimeGrid:None EditorOnly:0 RuntimeOnly:0 HLODRelevant:0 FolderPath:Lighting FolderGuid:08A10B054C95868C663DE39EE4343813
 |   |   |- [+] [  4]
 |   |   |   |- Guid:9FFE6665469AE829D82050A8B1F67178 BaseClass: NativeClass:/Script/Engine.DirectionalLight Name:DirectionalLight_1 Label:DirectionalLight SpatiallyLoaded:0 Bounds:IsValid=true, Min=(X=-1048576.000 Y=-1048576.000 Z=-1048576.000), Max=(X=1048576.000 Y=1048576.000 Z=1048576.000) RuntimeGrid:None EditorOnly:0 RuntimeOnly:0 HLODRelevant:0 FolderPath:Lighting FolderGuid:08A10B054C95868C663DE39EE4343813
 |   |   |- [+] [  5]
 |   |   |   |- Guid:664A87DA48B6EE38C0ACEA9AEDBA4BA0 BaseClass: NativeClass:/Script/Engine.TextRenderActor Name:TextRenderActor_1 Label:TextRenderActor SpatiallyLoaded:1 Bounds:IsValid=true, Min=(X=-0.100 Y=1100.000 Z=65.013), Max=(X=-0.100 Y=2392.308 Z=215.013) RuntimeGrid:None EditorOnly:0 RuntimeOnly:0 HLODRelevant:0
 |   |   |- [+] [  6]
 |   |   |   |- Guid:4F7B735A44E12B4B031927A9FC21C460 BaseClass: NativeClass:/Script/Engine.VolumetricCloud Name:VolumetricCloud_1 Label:VolumetricCloud SpatiallyLoaded:0 Bounds:IsValid=true, Min=(X=0.000 Y=0.000 Z=820.000), Max=(X=0.000 Y=0.000 Z=820.000) RuntimeGrid:None EditorOnly:0 RuntimeOnly:0 HLODRelevant:0 FolderPath:Lighting FolderGuid:08A10B054C95868C663DE39EE4343813
 |   |   |- [+] [  7]
 |   |   |   |- Guid:8717ECC7427EB1F3C1FE43A5DB47DEAB BaseClass: NativeClass:/Script/Engine.StaticMeshActor Name:StaticMeshActor_UAID_60E9AA9413F056AA01_1693399816 Label:Box2 SpatiallyLoaded:1 Bounds:IsValid=true, Min=(X=-6410.000 Y=6710.000 Z=0.000), Max=(X=5590.000 Y=6810.000 Z=1000.000) RuntimeGrid:None EditorOnly:0 RuntimeOnly:0 HLODRelevant:0
 |   |   |- [+] [  8]
 |   |   |   |- Guid:5C7C5C40408F48C386D06CA03AB130C2 BaseClass: NativeClass:/Script/Engine.StaticMeshActor Name:StaticMeshActor_UAID_A4AE111137DC5EFB00_1594956423 Label:SM_SkySphere SpatiallyLoaded:0 Bounds:IsValid=true, Min=(X=-1638400.000 Y=-1638400.000 Z=-1638400.000), Max=(X=1638400.000 Y=1638400.000 Z=1638400.000) RuntimeGrid:None EditorOnly:0 RuntimeOnly:0 HLODRelevant:1 FolderPath:Lighting FolderGuid:08A10B054C95868C663DE39EE4343813
 |   |   |- [+] [  9]
 |   |   |   |- Guid:E53E4F264EB069CF1E9CB1AED7A29C72 BaseClass: NativeClass:/Script/Engine.RectLight Name:RectLight_UAID_60E9AA9413F058AA01_1444016177 Label:RectLight5 SpatiallyLoaded:1 Bounds:IsValid=true, Min=(X=-21544.000 Y=-13854.000 Z=-15424.000), Max=(X=11224.000 Y=18914.000 Z=17344.000) RuntimeGrid:None EditorOnly:0 RuntimeOnly:0 HLODRelevant:0
 |   |   |- [+] [ 10]
 |   |   |   |- Guid:6DE025074B573993A2CEAFBDC43C2ABD BaseClass: NativeClass:/Script/Engine.StaticMeshActor Name:StaticMeshActor_UAID_E4A8DFF938B01FAE01_1954591359 Label:StaticMeshActor SpatiallyLoaded:1 Bounds:IsValid=true, Min=(X=4680.000 Y=780.000 Z=960.000), Max=(X=4680.000 Y=780.000 Z=960.000) RuntimeGrid:None EditorOnly:0 RuntimeOnly:0 HLODRelevant:0
 |   |   |- [+] [ 11]
 |   |   |   |- Guid:85BA92AF429C5642A0AE2989507F0C54 BaseClass: NativeClass:/Script/Engine.RectLight Name:RectLight_UAID_60E9AA9413F058AA01_1194598173 Label:RectLight SpatiallyLoaded:1 Bounds:IsValid=true, Min=(X=-15074.000 Y=-13854.000 Z=-15424.000), Max=(X=17694.000 Y=18914.000 Z=17344.000) RuntimeGrid:None EditorOnly:0 RuntimeOnly:0 HLODRelevant:0
 |   |   |- [+] [ 12]
 |   |   |   |- Guid:EC48AF544E793C5FD491D9AAC1216806 BaseClass: NativeClass:/Script/Engine.SkeletalMeshActor Name:SkeletalMeshActor_UAID_E4A8DFF938B01CA601_1468385383 Label:MainCharacter SpatiallyLoaded:1 Bounds:IsValid=true, Min=(X=-989.674 Y=-238.010 Z=-0.681), Max=(X=-890.369 Y=-207.324 Z=140.058) RuntimeGrid:None EditorOnly:0 RuntimeOnly:0 HLODRelevant:0
 |   |   |- [+] [ 13]
 |   |   |   |- Guid:155DF9A84574321C311890A57A59ABA5 BaseClass: NativeClass:/Script/Engine.RectLight Name:RectLight_UAID_60E9AA9413F058AA01_1396485174 Label:RectLight2 SpatiallyLoaded:1 Bounds:IsValid=true, Min=(X=-12704.000 Y=-13854.000 Z=-15424.000), Max=(X=20064.000 Y=18914.000 Z=17344.000) RuntimeGrid:None EditorOnly:0 RuntimeOnly:0 HLODRelevant:0
 |   |   |- [+] [ 14]
 |   |   |   |- Guid:B5A6DF534A27D2462E956F8DC249B59F BaseClass: NativeClass:/Script/LevelSequence.LevelSequenceActor Name:LevelSequenceActor_UAID_60E9AA9413F0BEAA01_1765068120 Label:CR_Als_Take2 SpatiallyLoaded:0 Bounds:IsValid=true, Min=(X=0.000 Y=0.000 Z=0.000), Max=(X=0.000 Y=0.000 Z=0.000) RuntimeGrid:None EditorOnly:0 RuntimeOnly:0 HLODRelevant:0
 |   |   |- [+] [ 15]
 |   |   |   |- Guid:1DE942004163D635D9F351A1C935C9FA BaseClass: NativeClass:/Script/LevelSequence.LevelSequenceActor Name:LevelSequenceActor_UAID_60E9AA9413F0E1AC01_1772778392 Label:CR_Als_Take3 SpatiallyLoaded:0 Bounds:IsValid=true, Min=(X=0.000 Y=0.000 Z=0.000), Max=(X=0.000 Y=0.000 Z=0.000) RuntimeGrid:None EditorOnly:0 RuntimeOnly:0 HLODRelevant:0
 |   |   |- [+] [ 16]
 |   |   |   |- Guid:174DF71143EA367D14F3838C26CC06DF BaseClass: NativeClass:/Script/Engine.SkyLight Name:SkyLight_0 Label:SkyLight SpatiallyLoaded:0 Bounds:IsValid=true, Min=(X=0.000 Y=0.000 Z=690.000), Max=(X=0.000 Y=0.000 Z=690.000) RuntimeGrid:None EditorOnly:0 RuntimeOnly:0 HLODRelevant:0 FolderPath:Lighting FolderGuid:08A10B054C95868C663DE39EE4343813
 |   |   |- [+] [ 17]
 |   |   |   |- Guid:580EC14B41BA35C47321DF90A9645C1E BaseClass: NativeClass:/Script/Engine.SkeletalMeshActor Name:SkeletalMeshActor_UAID_E4A8DFF938B0D0A901_1114813231 Label:MainCharacter2 SpatiallyLoaded:1 Bounds:IsValid=true, Min=(X=260.326 Y=-418.010 Z=-0.681), Max=(X=359.631 Y=-387.324 Z=140.058) RuntimeGrid:None EditorOnly:0 RuntimeOnly:0 HLODRelevant:0
 |   |   |- [+] [ 18]
 |   |   |   |- Guid:E83D235C44CF5C984F6A5682A0367AAB BaseClass: NativeClass:/Script/Engine.RectLight Name:RectLight_UAID_60E9AA9413F058AA01_1426821175 Label:RectLight3 SpatiallyLoaded:1 Bounds:IsValid=true, Min=(X=-17294.000 Y=-13854.000 Z=-15424.000), Max=(X=15474.000 Y=18914.000 Z=17344.000) RuntimeGrid:None EditorOnly:0 RuntimeOnly:0 HLODRelevant:0
 |   |   |- [+] [ 19]
 |   |   |   |- Guid:B7EEAA6D4A4E24E64DDA8A9BB773FDCB BaseClass: NativeClass:/Script/Engine.StaticMeshActor Name:StaticMeshActor_UAID_60E9AA9413F056AA01_1804026818 Label:Box4 SpatiallyLoaded:1 Bounds:IsValid=true, Min=(X=-6410.000 Y=-3660.000 Z=0.000), Max=(X=-6310.000 Y=6840.000 Z=1000.000) RuntimeGrid:None EditorOnly:0 RuntimeOnly:0 HLODRelevant:0
 |   |   |- [+] [ 20]
 |   |   |   |- Guid:E7C88B004DFFF4BE08155AB223A0EF2C BaseClass: NativeClass:/Script/Engine.SkyAtmosphere Name:SkyAtmosphere_1 Label:SkyAtmosphere SpatiallyLoaded:0 Bounds:IsValid=true, Min=(X=0.000 Y=0.000 Z=1020.000), Max=(X=0.000 Y=0.000 Z=1020.000) RuntimeGrid:None EditorOnly:0 RuntimeOnly:0 HLODRelevant:0 FolderPath:Lighting FolderGuid:08A10B054C95868C663DE39EE4343813
 |   |   |- [+] [ 21]
 |   |   |   |- Guid:0AF8B5EC4A96E449FAB8FDA3A54CF456 BaseClass: NativeClass:/Script/Engine.SkeletalMeshActor Name:SkeletalMeshActor_UAID_E4A8DFF938B0B5A601_1431455311 Label:CR_Als SpatiallyLoaded:1 Bounds:IsValid=true, Min=(X=2190.326 Y=781.990 Z=-0.681), Max=(X=2289.631 Y=812.676 Z=140.058) RuntimeGrid:None EditorOnly:0 RuntimeOnly:0 HLODRelevant:0
 |   |   |- [+] [ 22]
 |   |   |   |- Guid:59E33BCC472C9A44F0051D8A21C9F5F2 BaseClass: NativeClass:/Script/Engine.SkeletalMeshActor Name:SkeletalMeshActor_UAID_60E9AA9413F0BEAA01_1765055119 Label:CR_Als2 SpatiallyLoaded:1 Bounds:IsValid=true, Min=(X=320.326 Y=181.990 Z=-0.681), Max=(X=419.631 Y=212.676 Z=140.058) RuntimeGrid:None EditorOnly:0 RuntimeOnly:0 HLODRelevant:0
 |   |   |- [+] [ 23]
 |   |   |   |- Guid:C02893C24348CF9B426796B16B0F319A BaseClass: NativeClass:/Script/Engine.StaticMeshActor Name:StaticMeshActor_UAID_60E9AA9413F056AA01_1786040817 Label:Box3 SpatiallyLoaded:1 Bounds:IsValid=true, Min=(X=-6410.000 Y=-3700.000 Z=0.000), Max=(X=5590.000 Y=-3600.000 Z=1000.000) RuntimeGrid:None EditorOnly:0 RuntimeOnly:0 HLODRelevant:0
 |   |   |- [+] [ 24]
 |   |   |   |- Guid:444CEBA842E178A416330685B651F1B9 BaseClass: NativeClass:/Script/LevelSequence.LevelSequenceActor Name:LevelSequenceActor_UAID_E4A8DFF938B0B5A601_1431482312 Label:CR_Als_Take1 SpatiallyLoaded:0 Bounds:IsValid=true, Min=(X=0.000 Y=0.000 Z=0.000), Max=(X=0.000 Y=0.000 Z=0.000) RuntimeGrid:None EditorOnly:0 RuntimeOnly:0 HLODRelevant:0
 |   |   |- [+] [ 25]
 |   |   |   |- Guid:804C0249472C6D24BF272B8751BB0510 BaseClass: NativeClass:/Script/Engine.SkeletalMeshActor Name:SkeletalMeshActor_UAID_60E9AA9413F00EAB01_1626937199 Label:Aiming_with_cards SpatiallyLoaded:1 Bounds:IsValid=true, Min=(X=83.762 Y=146.302 Z=-6.770), Max=(X=162.261 Y=208.973 Z=91.194) RuntimeGrid:None EditorOnly:0 RuntimeOnly:0 HLODRelevant:0
 |   |   |- [+] [ 26]
 |   |   |   |- Guid:B23C247D4E34A96052E563A19E79FA75 BaseClass: NativeClass:/Script/Engine.ExponentialHeightFog Name:ExponentialHeightFog_1 Label:ExponentialHeightFog SpatiallyLoaded:0 Bounds:IsValid=true, Min=(X=-5600.000 Y=-50.000 Z=-6850.000), Max=(X=-5600.000 Y=-50.000 Z=-6850.000) RuntimeGrid:None EditorOnly:0 RuntimeOnly:0 HLODRelevant:0 FolderPath:Lighting FolderGuid:08A10B054C95868C663DE39EE4343813
 |   |   |- [+] [ 27]
 |   |   |   |- Guid:0F9E5CFD44883C129E1884870E2301C2 BaseClass: NativeClass:/Script/Engine.Actor Name:Actor_UAID_E4A8DFF938B0D2A401_2082863305 Label:Actor SpatiallyLoaded:1 Bounds:IsValid=true, Min=(X=-6350.000 Y=-3670.000 Z=-50.000), Max=(X=5650.000 Y=6830.000 Z=0.000) RuntimeGrid:None EditorOnly:0 RuntimeOnly:0 HLODRelevant:1
 |   |   |- [+] [ 28]
 |   |   |   |- Guid:83B6C5914862A02FC6C185BE4682D2AD BaseClass: NativeClass:/Script/Engine.Actor Name:Actor_UAID_60E9AA9413F056AA01_1810325819 Label:Actor2 SpatiallyLoaded:1 Bounds:IsValid=true, Min=(X=-6350.000 Y=-3670.000 Z=960.000), Max=(X=5650.000 Y=6830.000 Z=1010.000) RuntimeGrid:None EditorOnly:0 RuntimeOnly:0 HLODRelevant:1
 |   |   |- [+] [ 29]
 |   |   |   |- Guid:171D1EC24F70C00D6F27A0AFC466DEA2 BaseClass: NativeClass:/Script/Engine.RectLight Name:RectLight_UAID_60E9AA9413F058AA01_1435308176 Label:RectLight4 SpatiallyLoaded:1 Bounds:IsValid=true, Min=(X=-19794.000 Y=-13854.000 Z=-15424.000), Max=(X=12974.000 Y=18914.000 Z=17344.000) RuntimeGrid:None EditorOnly:0 RuntimeOnly:0 HLODRelevant:0
 |   |   |- [+] [ 30]
 |   |   |   |- Guid:C726A3284B806D4C379405885740B688 BaseClass: NativeClass:/Script/Engine.PlayerStart Name:PlayerStart_0 Label:PlayerStart SpatiallyLoaded:0 Bounds:IsValid=true, Min=(X=860.000 Y=1070.000 Z=0.013), Max=(X=940.000 Y=1150.000 Z=184.013) RuntimeGrid:None EditorOnly:0 RuntimeOnly:0 HLODRelevant:0
 |   |   |- [+] [ 31]
 |   |   |   |- Guid:D4F49C164D1E4EE30A5E069FCE7C0DAA BaseClass: NativeClass:/Script/Engine.SkeletalMeshActor Name:SkeletalMeshActor_UAID_60E9AA9413F012AB01_1606834904 Label:Aiming_with_cards2 SpatiallyLoaded:1 Bounds:IsValid=true, Min=(X=999.894 Y=612.094 Z=-2.119), Max=(X=1088.405 Y=707.819 Z=125.980) RuntimeGrid:None EditorOnly:0 RuntimeOnly:0 HLODRelevant:0
 |- ContainerInstances:
 |- [+] MainContainer:
 |   |-        ID: 0x0000000000000000
 |   |-    Bounds: IsValid=false, Min=(X=0.000 Y=0.000 Z=0.000), Max=(X=0.000 Y=0.000 Z=0.000)
 |   |- Transform: 0.000000,0.000000,0.000000|0.000000,0.000000,-0.000000|1.000000,1.000000,1.000000
 |   |- Container: /Game/ThirdPerson/Maps/ThirdPersonMap
----------------------------------------------------------------------------------------------------------------
ThirdPersonMap - Persistent Level
----------------------------------------------------------------------------------------------------------------
Always loaded Actor Count: 47 

----------------------------------------------------------------------------------------------------------------
ThirdPersonMap - Runtime Spatial Hash - Streaming Grid - MainGrid
----------------------------------------------------------------------------------------------------------------
            Origin: X=0.000 Y=0.000 Z=0.000
         Cell Size: 12800
      World Bounds: IsValid=false, Min=(X=0.000 Y=0.000 Z=0.000), Max=(X=0.000 Y=0.000 Z=0.000)
     Loading Range: 25600.00
Block Slow Loading: No
 ClientOnlyVisible: No

[+] Grid Levels: 1
 |- Level  0: Cell Count    0 | Cell Size   12800 | Actor Count    0 (0.0%)

[+] Content of Grid Level 0

